<?xml version="1.0" encoding="UTF-8"?>
<coverage generated="1628728245932" clover="3.2.0">
  <project timestamp="1628728245932" name="All files">
    <metrics statements="27" coveredstatements="16" conditionals="4" coveredconditionals="2" methods="10" coveredmethods="7" elements="41" coveredelements="25" complexity="0" loc="27" ncloc="27" packages="1" files="3" classes="3"/>
    <file name="controller.ts" path="/Users/erikoh/Desktop/hackreactor/blue-ocean/group-foodie-ppap/api/modules/comments/controller.ts">
      <metrics statements="15" coveredstatements="11" conditionals="2" coveredconditionals="2" methods="3" coveredmethods="3"/>
      <line num="14" count="1" type="stmt"/>
      <line num="15" count="1" type="cond" truecount="2" falsecount="0"/>
      <line num="16" count="1" type="stmt"/>
      <line num="17" count="1" type="stmt"/>
      <line num="18" count="1" type="stmt"/>
      <line num="19" count="1" type="stmt"/>
      <line num="21" count="0" type="stmt"/>
      <line num="22" count="0" type="stmt"/>
      <line num="26" count="1" type="stmt"/>
      <line num="27" count="1" type="stmt"/>
      <line num="28" count="1" type="stmt"/>
      <line num="29" count="1" type="stmt"/>
      <line num="35" count="1" type="stmt"/>
      <line num="37" count="0" type="stmt"/>
      <line num="38" count="0" type="stmt"/>
    </file>
    <file name="mapper.ts" path="/Users/erikoh/Desktop/hackreactor/blue-ocean/group-foodie-ppap/api/modules/comments/mapper.ts">
      <metrics statements="3" coveredstatements="3" conditionals="0" coveredconditionals="0" methods="3" coveredmethods="3"/>
      <line num="6" count="3" type="stmt"/>
      <line num="16" count="1" type="stmt"/>
      <line num="17" count="2" type="stmt"/>
    </file>
    <file name="service.ts" path="/Users/erikoh/Desktop/hackreactor/blue-ocean/group-foodie-ppap/api/modules/comments/service.ts">
      <metrics statements="9" coveredstatements="2" conditionals="2" coveredconditionals="0" methods="4" coveredmethods="1"/>
      <line num="18" count="1" type="stmt"/>
      <line num="19" count="0" type="stmt"/>
      <line num="20" count="0" type="cond" truecount="0" falsecount="2"/>
      <line num="21" count="0" type="stmt"/>
      <line num="24" count="0" type="stmt"/>
      <line num="25" count="0" type="stmt"/>
      <line num="28" count="1" type="stmt"/>
      <line num="34" count="0" type="stmt"/>
      <line num="43" count="0" type="stmt"/>
    </file>
  </project>
</coverage>
