{"/Users/erikoh/Desktop/hackreactor/blue-ocean/group-foodie-ppap/api/db/index.ts": {"path":"/Users/erikoh/Desktop/hackreactor/blue-ocean/group-foodie-ppap/api/db/index.ts","statementMap":{"0":{"start":{"line":4,"column":11},"end":{"line":13,"column":2}},"1":{"start":{"line":14,"column":0},"end":{"line":14,"column":37}}},"fnMap":{},"branchMap":{"0":{"loc":{"start":{"line":7,"column":10},"end":{"line":7,"column":44}},"type":"binary-expr","locations":[{"start":{"line":7,"column":10},"end":{"line":7,"column":29}},{"start":{"line":7,"column":33},"end":{"line":7,"column":44}}],"line":7},"1":{"loc":{"start":{"line":9,"column":10},"end":{"line":9,"column":43}},"type":"binary-expr","locations":[{"start":{"line":9,"column":10},"end":{"line":9,"column":29}},{"start":{"line":9,"column":33},"end":{"line":9,"column":43}}],"line":9},"2":{"loc":{"start":{"line":10,"column":14},"end":{"line":10,"column":43}},"type":"binary-expr","locations":[{"start":{"line":10,"column":14},"end":{"line":10,"column":37}},{"start":{"line":10,"column":41},"end":{"line":10,"column":43}}],"line":10}},"s":{"0":1,"1":1},"f":{},"b":{"0":[1,1],"1":[1,1],"2":[1,1]},"_coverageSchema":"1a1c01bbd47fc00a2c39e90264f33305004495a9","hash":"e41277384017b53fcd440a5d664f7163bbe4139d"}
,"/Users/erikoh/Desktop/hackreactor/blue-ocean/group-foodie-ppap/api/modules/comments/controller.ts": {"path":"/Users/erikoh/Desktop/hackreactor/blue-ocean/group-foodie-ppap/api/modules/comments/controller.ts","statementMap":{"0":{"start":{"line":14,"column":16},"end":{"line":22,"column":3}},"1":{"start":{"line":15,"column":21},"end":{"line":15,"column":52}},"2":{"start":{"line":16,"column":4},"end":{"line":21,"column":5}},"3":{"start":{"line":17,"column":23},"end":{"line":17,"column":79}},"4":{"start":{"line":18,"column":6},"end":{"line":18,"column":37}},"5":{"start":{"line":20,"column":6},"end":{"line":20,"column":32}},"6":{"start":{"line":24,"column":18},"end":{"line":38,"column":3}},"7":{"start":{"line":25,"column":46},"end":{"line":25,"column":54}},"8":{"start":{"line":26,"column":4},"end":{"line":37,"column":5}},"9":{"start":{"line":27,"column":25},"end":{"line":32,"column":7}},"10":{"start":{"line":33,"column":6},"end":{"line":33,"column":39}},"11":{"start":{"line":35,"column":6},"end":{"line":35,"column":48}},"12":{"start":{"line":36,"column":6},"end":{"line":36,"column":32}}},"fnMap":{"0":{"name":"(anonymous_0)","decl":{"start":{"line":12,"column":2},"end":{"line":12,"column":3}},"loc":{"start":{"line":12,"column":69},"end":{"line":12,"column":71}},"line":12},"1":{"name":"(anonymous_1)","decl":{"start":{"line":14,"column":16},"end":{"line":14,"column":17}},"loc":{"start":{"line":14,"column":70},"end":{"line":22,"column":3}},"line":14},"2":{"name":"(anonymous_2)","decl":{"start":{"line":24,"column":18},"end":{"line":24,"column":19}},"loc":{"start":{"line":24,"column":72},"end":{"line":38,"column":3}},"line":24}},"branchMap":{"0":{"loc":{"start":{"line":15,"column":21},"end":{"line":15,"column":52}},"type":"binary-expr","locations":[{"start":{"line":15,"column":21},"end":{"line":15,"column":39}},{"start":{"line":15,"column":43},"end":{"line":15,"column":52}}],"line":15}},"s":{"0":2,"1":1,"2":1,"3":1,"4":1,"5":0,"6":2,"7":0,"8":0,"9":0,"10":0,"11":0,"12":0},"f":{"0":2,"1":1,"2":0},"b":{"0":[1,0]},"_coverageSchema":"1a1c01bbd47fc00a2c39e90264f33305004495a9","hash":"2c7d8711c21a8e985d4279d2b80a063279c3b8f9"}
,"/Users/erikoh/Desktop/hackreactor/blue-ocean/group-foodie-ppap/api/modules/comments/mapper.ts": {"path":"/Users/erikoh/Desktop/hackreactor/blue-ocean/group-foodie-ppap/api/modules/comments/mapper.ts","statementMap":{"0":{"start":{"line":6,"column":4},"end":{"line":12,"column":6}},"1":{"start":{"line":16,"column":4},"end":{"line":18,"column":7}},"2":{"start":{"line":17,"column":6},"end":{"line":17,"column":40}}},"fnMap":{"0":{"name":"(anonymous_0)","decl":{"start":{"line":5,"column":2},"end":{"line":5,"column":3}},"loc":{"start":{"line":5,"column":52},"end":{"line":13,"column":3}},"line":5},"1":{"name":"(anonymous_1)","decl":{"start":{"line":15,"column":2},"end":{"line":15,"column":3}},"loc":{"start":{"line":15,"column":58},"end":{"line":19,"column":3}},"line":15},"2":{"name":"(anonymous_2)","decl":{"start":{"line":16,"column":24},"end":{"line":16,"column":25}},"loc":{"start":{"line":16,"column":37},"end":{"line":18,"column":5}},"line":16}},"branchMap":{},"s":{"0":0,"1":0,"2":0},"f":{"0":0,"1":0,"2":0},"b":{},"_coverageSchema":"1a1c01bbd47fc00a2c39e90264f33305004495a9","hash":"23932a057d601f4124d755bae7f14a37f1fe7c2e"}
,"/Users/erikoh/Desktop/hackreactor/blue-ocean/group-foodie-ppap/api/modules/comments/service.ts": {"path":"/Users/erikoh/Desktop/hackreactor/blue-ocean/group-foodie-ppap/api/modules/comments/service.ts","statementMap":{"0":{"start":{"line":18,"column":16},"end":{"line":26,"column":3}},"1":{"start":{"line":19,"column":21},"end":{"line":23,"column":6}},"2":{"start":{"line":20,"column":6},"end":{"line":22,"column":7}},"3":{"start":{"line":21,"column":8},"end":{"line":21,"column":31}},"4":{"start":{"line":24,"column":24},"end":{"line":24,"column":62}},"5":{"start":{"line":25,"column":4},"end":{"line":25,"column":23}},"6":{"start":{"line":28,"column":18},"end":{"line":44,"column":3}},"7":{"start":{"line":34,"column":23},"end":{"line":42,"column":5}},"8":{"start":{"line":43,"column":4},"end":{"line":43,"column":22}}},"fnMap":{"0":{"name":"(anonymous_0)","decl":{"start":{"line":13,"column":2},"end":{"line":13,"column":3}},"loc":{"start":{"line":16,"column":4},"end":{"line":16,"column":6}},"line":16},"1":{"name":"(anonymous_1)","decl":{"start":{"line":18,"column":16},"end":{"line":18,"column":17}},"loc":{"start":{"line":18,"column":68},"end":{"line":26,"column":3}},"line":18},"2":{"name":"(anonymous_2)","decl":{"start":{"line":19,"column":53},"end":{"line":19,"column":54}},"loc":{"start":{"line":19,"column":61},"end":{"line":23,"column":5}},"line":19},"3":{"name":"(anonymous_3)","decl":{"start":{"line":28,"column":18},"end":{"line":28,"column":19}},"loc":{"start":{"line":33,"column":26},"end":{"line":44,"column":3}},"line":33}},"branchMap":{"0":{"loc":{"start":{"line":20,"column":6},"end":{"line":22,"column":7}},"type":"if","locations":[{"start":{"line":20,"column":6},"end":{"line":22,"column":7}},{"start":{"line":20,"column":6},"end":{"line":22,"column":7}}],"line":20}},"s":{"0":0,"1":0,"2":0,"3":0,"4":0,"5":0,"6":0,"7":0,"8":0},"f":{"0":0,"1":0,"2":0,"3":0},"b":{"0":[0,0]},"_coverageSchema":"1a1c01bbd47fc00a2c39e90264f33305004495a9","hash":"5f05b9715e3f48a362fceb5144a189b1ac49e06a"}
}
