TN:
SF:api/errors/apiError.ts
FN:9,(anonymous_0)
FNF:1
FNH:1
FNDA:3,(anonymous_0)
DA:15,3
DA:16,3
LF:2
LH:2
BRDA:11,0,0,0
BRDA:12,1,0,3
BRDA:13,2,0,3
BRF:3
BRH:2
end_of_record
TN:
SF:api/errors/baseError.ts
FN:10,(anonymous_0)
FNF:1
FNH:1
FNDA:3,(anonymous_0)
DA:11,3
DA:13,3
DA:14,3
DA:15,3
DA:16,3
DA:17,3
LF:6
LH:6
BRF:0
BRH:0
end_of_record
TN:
SF:api/errors/httpErrors.ts
FNF:0
FNH:0
DA:13,2
LF:1
LH:1
BRF:0
BRH:0
end_of_record
TN:
SF:api/modules/comments/controller.ts
FN:13,(anonymous_0)
FN:15,(anonymous_1)
FN:27,(anonymous_2)
FNF:3
FNH:3
FNDA:1,(anonymous_0)
FNDA:1,(anonymous_1)
FNDA:1,(anonymous_2)
DA:15,1
DA:16,1
DA:17,1
DA:18,1
DA:19,1
DA:20,1
DA:22,0
DA:23,0
DA:27,1
DA:28,1
DA:29,1
DA:30,1
DA:36,1
DA:38,0
DA:39,0
LF:15
LH:11
BRDA:16,0,0,1
BRDA:16,0,1,1
BRF:2
BRH:2
end_of_record
TN:
SF:api/modules/comments/mapper.ts
FN:5,(anonymous_0)
FN:15,(anonymous_1)
FN:16,(anonymous_2)
FNF:3
FNH:3
FNDA:3,(anonymous_0)
FNDA:1,(anonymous_1)
FNDA:2,(anonymous_2)
DA:6,3
DA:16,1
DA:17,2
LF:3
LH:3
BRF:0
BRH:0
end_of_record
TN:
SF:api/modules/comments/service.ts
FN:13,(anonymous_0)
FN:18,(anonymous_1)
FN:19,(anonymous_2)
FN:28,(anonymous_3)
FNF:4
FNH:1
FNDA:1,(anonymous_0)
FNDA:0,(anonymous_1)
FNDA:0,(anonymous_2)
FNDA:0,(anonymous_3)
DA:18,1
DA:19,0
DA:20,0
DA:21,0
DA:24,0
DA:25,0
DA:28,1
DA:34,0
DA:43,0
LF:9
LH:2
BRDA:20,0,0,0
BRDA:20,0,1,0
BRF:2
BRH:0
end_of_record
TN:
SF:api/modules/users/controller.ts
FN:15,(anonymous_0)
FN:17,(anonymous_1)
FN:27,(anonymous_2)
FN:44,(anonymous_3)
FN:54,(anonymous_4)
FN:65,(anonymous_5)
FNF:6
FNH:6
FNDA:1,(anonymous_0)
FNDA:1,(anonymous_1)
FNDA:1,(anonymous_2)
FNDA:1,(anonymous_3)
FNDA:1,(anonymous_4)
FNDA:1,(anonymous_5)
DA:17,1
DA:18,1
DA:19,1
DA:20,1
DA:21,1
DA:23,0
DA:27,1
DA:28,1
DA:29,1
DA:30,1
DA:38,1
DA:40,0
DA:44,1
DA:45,1
DA:46,1
DA:47,1
DA:48,1
DA:50,0
DA:54,1
DA:55,1
DA:56,1
DA:57,1
DA:58,1
DA:59,1
DA:61,0
DA:65,1
DA:70,1
DA:71,1
DA:72,1
DA:76,1
DA:78,0
LF:31
LH:26
BRF:0
BRH:0
end_of_record
TN:
SF:api/modules/users/mapper.ts
FN:5,(anonymous_0)
FN:16,(anonymous_1)
FN:17,(anonymous_2)
FN:22,(anonymous_3)
FNF:4
FNH:3
FNDA:2,(anonymous_0)
FNDA:2,(anonymous_1)
FNDA:1,(anonymous_2)
FNDA:0,(anonymous_3)
DA:6,2
DA:17,2
DA:18,1
DA:25,0
DA:34,0
LF:5
LH:3
BRDA:25,0,0,0
BRDA:25,0,1,0
BRF:2
BRH:0
end_of_record
TN:
SF:api/modules/users/service.ts
FN:26,(anonymous_0)
FN:31,(anonymous_1)
FN:45,(anonymous_2)
FN:70,(anonymous_3)
FN:74,(anonymous_4)
FN:91,(anonymous_5)
FN:98,(anonymous_6)
FNF:7
FNH:5
FNDA:9,(anonymous_0)
FNDA:3,(anonymous_1)
FNDA:4,(anonymous_2)
FNDA:2,(anonymous_3)
FNDA:2,(anonymous_4)
FNDA:0,(anonymous_5)
FNDA:0,(anonymous_6)
DA:32,3
DA:37,2
DA:38,1
DA:40,1
DA:41,1
DA:42,1
DA:53,4
DA:64,4
DA:65,2
DA:67,2
DA:71,2
DA:75,2
DA:87,2
DA:88,2
DA:92,0
DA:99,0
DA:104,0
DA:105,0
LF:18
LH:14
BRDA:37,0,0,1
BRDA:37,0,1,1
BRDA:37,1,0,2
BRDA:37,1,1,1
BRDA:64,2,0,2
BRDA:64,2,1,2
BRF:6
BRH:6
end_of_record
